<?xml version="1.0" encoding="UTF-8"?>
<!-- Generated by org.testng.reporters.JUnitXMLReporter -->
<testsuite hostname="NODE187" name="Default test" tests="1" failures="1" timestamp="2 Sep 2016 08:42:47 GMT" time="49.995" errors="0">
  <testcase name="rfFunctionalityTest" time="49.949" classname="com.rf.test.RodaandFieldsTest">
    <failure type="org.openqa.selenium.WebDriverException" message="Failed to connect to binary FirefoxBinary(C:\Program Files\Mozilla Firefox\firefox.exe) on port 7055; process output follows: 
DEBUG	getModTime: Recursive scan of {972ce4c6-7e08-4474-a285-3208198ce6fd}
1472805719639	DeferredSave.extensions.json	DEBUG	Save changes
1472805719639	addons.xpi	DEBUG	Updating database with changes to installed add-ons
1472805719639	addons.xpi-utils	DEBUG	Updating add-on states
1472805719641	addons.xpi-utils	DEBUG	Writing add-ons list
1472805719646	addons.xpi	DEBUG	Registering manifest for C:\Program Files\Mozilla Firefox\browser\features\e10srollout@mozilla.org.xpi
1472805719647	addons.xpi	DEBUG	Calling bootstrap method startup on e10srollout@mozilla.org version 1.1
1472805719647	addons.xpi	DEBUG	Registering manifest for C:\Program Files\Mozilla Firefox\browser\features\firefox@getpocket.com.xpi
1472805719648	addons.xpi	DEBUG	Calling bootstrap method startup on firefox@getpocket.com version 1.0.4
1472805719649	addons.xpi	DEBUG	Registering manifest for C:\Program Files\Mozilla Firefox\browser\features\loop@mozilla.org.xpi
1472805719649	addons.xpi	DEBUG	Calling bootstrap method startup on loop@mozilla.org version 1.4.4
1472805719674	addons.manager	DEBUG	Registering shutdown blocker for XPIProvider
1472805719674	addons.manager	DEBUG	Provider finished startup: XPIProvider
1472805719674	addons.manager	DEBUG	Starting provider: LightweightThemeManager
1472805719674	addons.manager	DEBUG	Registering shutdown blocker for LightweightThemeManager
1472805719674	addons.manager	DEBUG	Provider finished startup: LightweightThemeManager
1472805719675	addons.manager	DEBUG	Starting provider: GMPProvider
1472805719682	addons.manager	DEBUG	Registering shutdown blocker for GMPProvider
1472805719683	addons.manager	DEBUG	Provider finished startup: GMPProvider
1472805719683	addons.manager	DEBUG	Starting provider: PluginProvider
1472805719683	addons.manager	DEBUG	Registering shutdown blocker for PluginProvider
1472805719683	addons.manager	DEBUG	Provider finished startup: PluginProvider
1472805719684	addons.manager	DEBUG	Completed startup sequence
1472805720868	DeferredSave.extensions.json	DEBUG	Starting write
1472805720878	addons.manager	DEBUG	Starting provider: &amp;lt;unnamed-provider&amp;gt;
1472805720878	addons.manager	DEBUG	Registering shutdown blocker for &amp;lt;unnamed-provider&amp;gt;
1472805720878	addons.manager	DEBUG	Provider finished startup: &amp;lt;unnamed-provider&amp;gt;
1472805721154	addons.repository	DEBUG	No addons.json found.
1472805721155	DeferredSave.addons.json	DEBUG	Save changes
1472805721160	DeferredSave.addons.json	DEBUG	Starting timer
1472805721196	addons.manager	DEBUG	Starting provider: PreviousExperimentProvider
1472805721196	addons.manager	DEBUG	Registering shutdown blocker for PreviousExperimentProvider
1472805721197	addons.manager	DEBUG	Provider finished startup: PreviousExperimentProvider
1472805721202	DeferredSave.extensions.json	DEBUG	Write succeeded
1472805721203	addons.xpi-utils	DEBUG	XPI Database saved, setting schema version preference to 17
1472805721224	DeferredSave.addons.json	DEBUG	Starting write
1472805721248	DeferredSave.addons.json	DEBUG	Write succeeded
1472805726231	addons.xpi	DEBUG	Calling bootstrap method shutdown on e10srollout@mozilla.org version 1.1
1472805726231	addons.xpi	DEBUG	Calling bootstrap method shutdown on firefox@getpocket.com version 1.0.4
1472805726232	addons.xpi	DEBUG	Calling bootstrap method shutdown on loop@mozilla.org version 1.4.4
1472805727205	addons.manager	DEBUG	shutdown
1472805727206	addons.manager	DEBUG	Calling shutdown blocker for XPIProvider
1472805727206	addons.xpi	DEBUG	shutdown
1472805727206	addons.xpi-utils	DEBUG	shutdown
1472805727207	addons.manager	DEBUG	Calling shutdown blocker for LightweightThemeManager
1472805727208	addons.manager	DEBUG	Calling shutdown blocker for GMPProvider
1472805727211	addons.manager	DEBUG	Calling shutdown blocker for PluginProvider
1472805727212	addons.manager	DEBUG	Calling shutdown blocker for &amp;lt;unnamed-provider&amp;gt;
1472805727214	addons.manager	DEBUG	Calling shutdown blocker for PreviousExperimentProvider
1472805727218	addons.xpi	DEBUG	Notifying XPI shutdown observers
1472805727222	addons.manager	DEBUG	Async provider shutdown done

Build info: version: &amp;apos;2.53.1&amp;apos;, revision: &amp;apos;a36b8b1cd5757287168e54b817830adce9b0158d&amp;apos;, time: &amp;apos;2016-06-30 19:26:09&amp;apos;
System info: host: &amp;apos;NODE187&amp;apos;, ip: &amp;apos;10.210.2.34&amp;apos;, os.name: &amp;apos;Windows 8.1&amp;apos;, os.arch: &amp;apos;amd64&amp;apos;, os.version: &amp;apos;6.3&amp;apos;, java.version: &amp;apos;1.7.0_79&amp;apos;
Driver info: driver.version: FirefoxDriver">
      <![CDATA[org.openqa.selenium.WebDriverException: Failed to connect to binary FirefoxBinary(C:\Program Files\Mozilla Firefox\firefox.exe) on port 7055; process output follows: 
DEBUG	getModTime: Recursive scan of {972ce4c6-7e08-4474-a285-3208198ce6fd}
1472805719639	DeferredSave.extensions.json	DEBUG	Save changes
1472805719639	addons.xpi	DEBUG	Updating database with changes to installed add-ons
1472805719639	addons.xpi-utils	DEBUG	Updating add-on states
1472805719641	addons.xpi-utils	DEBUG	Writing add-ons list
1472805719646	addons.xpi	DEBUG	Registering manifest for C:\Program Files\Mozilla Firefox\browser\features\e10srollout@mozilla.org.xpi
1472805719647	addons.xpi	DEBUG	Calling bootstrap method startup on e10srollout@mozilla.org version 1.1
1472805719647	addons.xpi	DEBUG	Registering manifest for C:\Program Files\Mozilla Firefox\browser\features\firefox@getpocket.com.xpi
1472805719648	addons.xpi	DEBUG	Calling bootstrap method startup on firefox@getpocket.com version 1.0.4
1472805719649	addons.xpi	DEBUG	Registering manifest for C:\Program Files\Mozilla Firefox\browser\features\loop@mozilla.org.xpi
1472805719649	addons.xpi	DEBUG	Calling bootstrap method startup on loop@mozilla.org version 1.4.4
1472805719674	addons.manager	DEBUG	Registering shutdown blocker for XPIProvider
1472805719674	addons.manager	DEBUG	Provider finished startup: XPIProvider
1472805719674	addons.manager	DEBUG	Starting provider: LightweightThemeManager
1472805719674	addons.manager	DEBUG	Registering shutdown blocker for LightweightThemeManager
1472805719674	addons.manager	DEBUG	Provider finished startup: LightweightThemeManager
1472805719675	addons.manager	DEBUG	Starting provider: GMPProvider
1472805719682	addons.manager	DEBUG	Registering shutdown blocker for GMPProvider
1472805719683	addons.manager	DEBUG	Provider finished startup: GMPProvider
1472805719683	addons.manager	DEBUG	Starting provider: PluginProvider
1472805719683	addons.manager	DEBUG	Registering shutdown blocker for PluginProvider
1472805719683	addons.manager	DEBUG	Provider finished startup: PluginProvider
1472805719684	addons.manager	DEBUG	Completed startup sequence
1472805720868	DeferredSave.extensions.json	DEBUG	Starting write
1472805720878	addons.manager	DEBUG	Starting provider: <unnamed-provider>
1472805720878	addons.manager	DEBUG	Registering shutdown blocker for <unnamed-provider>
1472805720878	addons.manager	DEBUG	Provider finished startup: <unnamed-provider>
1472805721154	addons.repository	DEBUG	No addons.json found.
1472805721155	DeferredSave.addons.json	DEBUG	Save changes
1472805721160	DeferredSave.addons.json	DEBUG	Starting timer
1472805721196	addons.manager	DEBUG	Starting provider: PreviousExperimentProvider
1472805721196	addons.manager	DEBUG	Registering shutdown blocker for PreviousExperimentProvider
1472805721197	addons.manager	DEBUG	Provider finished startup: PreviousExperimentProvider
1472805721202	DeferredSave.extensions.json	DEBUG	Write succeeded
1472805721203	addons.xpi-utils	DEBUG	XPI Database saved, setting schema version preference to 17
1472805721224	DeferredSave.addons.json	DEBUG	Starting write
1472805721248	DeferredSave.addons.json	DEBUG	Write succeeded
1472805726231	addons.xpi	DEBUG	Calling bootstrap method shutdown on e10srollout@mozilla.org version 1.1
1472805726231	addons.xpi	DEBUG	Calling bootstrap method shutdown on firefox@getpocket.com version 1.0.4
1472805726232	addons.xpi	DEBUG	Calling bootstrap method shutdown on loop@mozilla.org version 1.4.4
1472805727205	addons.manager	DEBUG	shutdown
1472805727206	addons.manager	DEBUG	Calling shutdown blocker for XPIProvider
1472805727206	addons.xpi	DEBUG	shutdown
1472805727206	addons.xpi-utils	DEBUG	shutdown
1472805727207	addons.manager	DEBUG	Calling shutdown blocker for LightweightThemeManager
1472805727208	addons.manager	DEBUG	Calling shutdown blocker for GMPProvider
1472805727211	addons.manager	DEBUG	Calling shutdown blocker for PluginProvider
1472805727212	addons.manager	DEBUG	Calling shutdown blocker for <unnamed-provider>
1472805727214	addons.manager	DEBUG	Calling shutdown blocker for PreviousExperimentProvider
1472805727218	addons.xpi	DEBUG	Notifying XPI shutdown observers
1472805727222	addons.manager	DEBUG	Async provider shutdown done

Build info: version: '2.53.1', revision: 'a36b8b1cd5757287168e54b817830adce9b0158d', time: '2016-06-30 19:26:09'
System info: host: 'NODE187', ip: '10.210.2.34', os.name: 'Windows 8.1', os.arch: 'amd64', os.version: '6.3', java.version: '1.7.0_79'
Driver info: driver.version: FirefoxDriver
	at org.openqa.selenium.firefox.internal.NewProfileExtensionConnection.start(NewProfileExtensionConnection.java:125)
	at org.openqa.selenium.firefox.FirefoxDriver.startClient(FirefoxDriver.java:271)
	at org.openqa.selenium.remote.RemoteWebDriver.<init>(RemoteWebDriver.java:119)
	at org.openqa.selenium.firefox.FirefoxDriver.<init>(FirefoxDriver.java:216)
	at org.openqa.selenium.firefox.FirefoxDriver.<init>(FirefoxDriver.java:211)
	at org.openqa.selenium.firefox.FirefoxDriver.<init>(FirefoxDriver.java:207)
	at org.openqa.selenium.firefox.FirefoxDriver.<init>(FirefoxDriver.java:120)
	at com.rf.page.RFHomePage.navigateToRF(RFHomePage.java:28)
	at com.rf.test.RodaandFieldsTest.rfFunctionalityTest(RodaandFieldsTest.java:18)
	at sun.reflect.NativeMethodAccessorImpl.invoke0(Native Method)
	at sun.reflect.NativeMethodAccessorImpl.invoke(Unknown Source)
	at sun.reflect.DelegatingMethodAccessorImpl.invoke(Unknown Source)
	at java.lang.reflect.Method.invoke(Unknown Source)
	at org.testng.internal.MethodInvocationHelper.invokeMethod(MethodInvocationHelper.java:86)
	at org.testng.internal.Invoker.invokeMethod(Invoker.java:645)
	at org.testng.internal.Invoker.invokeTestMethod(Invoker.java:822)
	at org.testng.internal.Invoker.invokeTestMethods(Invoker.java:1130)
	at org.testng.internal.TestMethodWorker.invokeTestMethods(TestMethodWorker.java:129)
	at org.testng.internal.TestMethodWorker.run(TestMethodWorker.java:112)
	at org.testng.TestRunner.privateRun(TestRunner.java:782)
	at org.testng.TestRunner.run(TestRunner.java:632)
	at org.testng.SuiteRunner.runTest(SuiteRunner.java:366)
	at org.testng.SuiteRunner.runSequentially(SuiteRunner.java:361)
	at org.testng.SuiteRunner.privateRun(SuiteRunner.java:319)
	at org.testng.SuiteRunner.run(SuiteRunner.java:268)
	at org.testng.SuiteRunnerWorker.runSuite(SuiteRunnerWorker.java:52)
	at org.testng.SuiteRunnerWorker.run(SuiteRunnerWorker.java:86)
	at org.testng.TestNG.runSuitesSequentially(TestNG.java:1244)
	at org.testng.TestNG.runSuitesLocally(TestNG.java:1169)
	at org.testng.TestNG.run(TestNG.java:1064)
	at org.testng.remote.RemoteTestNG.run(RemoteTestNG.java:113)
	at org.testng.remote.RemoteTestNG.initAndRun(RemoteTestNG.java:206)
	at org.testng.remote.RemoteTestNG.main(RemoteTestNG.java:177)
Caused by: org.openqa.selenium.firefox.NotConnectedException: Unable to connect to host 127.0.0.1 on port 7055 after 45000 ms. Firefox console output:
DEBUG	getModTime: Recursive scan of {972ce4c6-7e08-4474-a285-3208198ce6fd}
1472805719639	DeferredSave.extensions.json	DEBUG	Save changes
1472805719639	addons.xpi	DEBUG	Updating database with changes to installed add-ons
1472805719639	addons.xpi-utils	DEBUG	Updating add-on states
1472805719641	addons.xpi-utils	DEBUG	Writing add-ons list
1472805719646	addons.xpi	DEBUG	Registering manifest for C:\Program Files\Mozilla Firefox\browser\features\e10srollout@mozilla.org.xpi
1472805719647	addons.xpi	DEBUG	Calling bootstrap method startup on e10srollout@mozilla.org version 1.1
1472805719647	addons.xpi	DEBUG	Registering manifest for C:\Program Files\Mozilla Firefox\browser\features\firefox@getpocket.com.xpi
1472805719648	addons.xpi	DEBUG	Calling bootstrap method startup on firefox@getpocket.com version 1.0.4
1472805719649	addons.xpi	DEBUG	Registering manifest for C:\Program Files\Mozilla Firefox\browser\features\loop@mozilla.org.xpi
1472805719649	addons.xpi	DEBUG	Calling bootstrap method startup on loop@mozilla.org version 1.4.4
1472805719674	addons.manager	DEBUG	Registering shutdown blocker for XPIProvider
1472805719674	addons.manager	DEBUG	Provider finished startup: XPIProvider
1472805719674	addons.manager	DEBUG	Starting provider: LightweightThemeManager
1472805719674	addons.manager	DEBUG	Registering shutdown blocker for LightweightThemeManager
1472805719674	addons.manager	DEBUG	Provider finished startup: LightweightThemeManager
1472805719675	addons.manager	DEBUG	Starting provider: GMPProvider
1472805719682	addons.manager	DEBUG	Registering shutdown blocker for GMPProvider
1472805719683	addons.manager	DEBUG	Provider finished startup: GMPProvider
1472805719683	addons.manager	DEBUG	Starting provider: PluginProvider
1472805719683	addons.manager	DEBUG	Registering shutdown blocker for PluginProvider
1472805719683	addons.manager	DEBUG	Provider finished startup: PluginProvider
1472805719684	addons.manager	DEBUG	Completed startup sequence
1472805720868	DeferredSave.extensions.json	DEBUG	Starting write
1472805720878	addons.manager	DEBUG	Starting provider: <unnamed-provider>
1472805720878	addons.manager	DEBUG	Registering shutdown blocker for <unnamed-provider>
1472805720878	addons.manager	DEBUG	Provider finished startup: <unnamed-provider>
1472805721154	addons.repository	DEBUG	No addons.json found.
1472805721155	DeferredSave.addons.json	DEBUG	Save changes
1472805721160	DeferredSave.addons.json	DEBUG	Starting timer
1472805721196	addons.manager	DEBUG	Starting provider: PreviousExperimentProvider
1472805721196	addons.manager	DEBUG	Registering shutdown blocker for PreviousExperimentProvider
1472805721197	addons.manager	DEBUG	Provider finished startup: PreviousExperimentProvider
1472805721202	DeferredSave.extensions.json	DEBUG	Write succeeded
1472805721203	addons.xpi-utils	DEBUG	XPI Database saved, setting schema version preference to 17
1472805721224	DeferredSave.addons.json	DEBUG	Starting write
1472805721248	DeferredSave.addons.json	DEBUG	Write succeeded
1472805726231	addons.xpi	DEBUG	Calling bootstrap method shutdown on e10srollout@mozilla.org version 1.1
1472805726231	addons.xpi	DEBUG	Calling bootstrap method shutdown on firefox@getpocket.com version 1.0.4
1472805726232	addons.xpi	DEBUG	Calling bootstrap method shutdown on loop@mozilla.org version 1.4.4
1472805727205	addons.manager	DEBUG	shutdown
1472805727206	addons.manager	DEBUG	Calling shutdown blocker for XPIProvider
1472805727206	addons.xpi	DEBUG	shutdown
1472805727206	addons.xpi-utils	DEBUG	shutdown
1472805727207	addons.manager	DEBUG	Calling shutdown blocker for LightweightThemeManager
1472805727208	addons.manager	DEBUG	Calling shutdown blocker for GMPProvider
1472805727211	addons.manager	DEBUG	Calling shutdown blocker for PluginProvider
1472805727212	addons.manager	DEBUG	Calling shutdown blocker for <unnamed-provider>
1472805727214	addons.manager	DEBUG	Calling shutdown blocker for PreviousExperimentProvider
1472805727218	addons.xpi	DEBUG	Notifying XPI shutdown observers
1472805727222	addons.manager	DEBUG	Async provider shutdown done

	at org.openqa.selenium.firefox.internal.NewProfileExtensionConnection.start(NewProfileExtensionConnection.java:113)
	... 32 more
]]>
    </failure>
  </testcase> <!-- rfFunctionalityTest -->
</testsuite> <!-- Default test -->
